<?xml version="1.0" encoding="UTF-8"?>
<testng-results skipped="0" failed="0" ignored="0" total="1" passed="1">
  <reporter-output>
  </reporter-output>
  <suite name="Default suite" duration-ms="32741" started-at="2017-12-03T08:14:47Z" finished-at="2017-12-03T08:15:20Z">
    <groups>
    </groups>
    <test name="Default test" duration-ms="32741" started-at="2017-12-03T08:14:47Z" finished-at="2017-12-03T08:15:20Z">
      <class name="script1.Testlogin">
        <test-method status="PASS" signature="openApplication()[pri:0, instance:script1.Testlogin@68be2bc2]" name="openApplication" is-config="true" duration-ms="28738" started-at="2017-12-03T13:44:47Z" finished-at="2017-12-03T13:45:16Z">
          <reporter-output>
          </reporter-output>
        </test-method> <!-- openApplication -->
        <test-method status="PASS" signature="testlogin()[pri:0, instance:script1.Testlogin@68be2bc2]" name="testlogin" duration-ms="3955" started-at="2017-12-03T13:45:16Z" finished-at="2017-12-03T13:45:20Z">
          <reporter-output>
          </reporter-output>
        </test-method> <!-- testlogin -->
      </class> <!-- script1.Testlogin -->
    </test> <!-- Default test -->
  </suite> <!-- Default suite -->
</testng-results>
